<?xml version="1.0" encoding="UTF-8"?>
<testsuite xmlns:xsi="http://www.w3.org/2001/XMLSchema-instance" xsi:noNamespaceSchemaLocation="https://maven.apache.org/surefire/maven-surefire-plugin/xsd/surefire-test-report-3.0.xsd" version="3.0" name="com.campusmate.service.AuthServiceImplTest" time="0.063" tests="6" errors="0" skipped="0" failures="0">
  <properties>
[...]
</properties>
  <testcase name="changePasswordRequiresMatchingPhoneCode" classname="com.campusmate.service.AuthServiceImplTest" time="0.053"/>
  <testcase name="registerUsesDefaultNicknameWhenNicknameIsBlank" classname="com.campusmate.service.AuthServiceImplTest" time="0.002"/>
  <testcase name="resetPasswordUpdatesSaltAndHash" classname="com.campusmate.service.AuthServiceImplTest" time="0.003"/>
  <testcase name="registerCreatesAccountProfileAndHomeSummary" classname="com.campusmate.service.AuthServiceImplTest" time="0.001"/>
  <testcase name="loginRejectsWrongPassword" classname="com.campusmate.service.AuthServiceImplTest" time="0.001"/>
  <testcase name="loginReturnsUserWhenPasswordMatchesStoredHash" classname="com.campusmate.service.AuthServiceImplTest" time="0.001"/>
</testsuite>